<?xml version="1.0" encoding="UTF-8"?>
<!-- Generated by org.testng.reporters.JUnitXMLReporter -->
<testsuite ignored="0" hostname="LTIN518335" failures="0" tests="5" name="Test1" time="177.04" errors="0" timestamp="2024-06-06T12:44:04 IST">
  <testcase classname="TestCases.TC_001_FindDetailsOfBookShelves" name="searchbookshelves" time="41.49"/>
  <testcase classname="TestCases.TC_002_ItemsUnderLiving" name="Items" time="15.724"/>
  <testcase classname="TestCases.TC_003_GiftCards" name="ClickGiftCards" time="73.994"/>
  <testcase classname="TestCases.TC_003_GiftCards" name="GetErrorMsg" time="10.095"/>
  <testcase classname="TestCases.TC_003_GiftCards" name="ValidateDetails" time="17.825"/>
</testsuite> <!-- Test1 -->
