<?xml version="1.0" encoding="UTF-8"?>
<testng-results ignored="0" total="5" passed="5" failed="0" skipped="0">
  <reporter-output>
  </reporter-output>
  <suite started-at="2024-06-06T12:41:07 IST" name="Suite" finished-at="2024-06-06T12:44:04 IST" duration-ms="177040">
    <groups>
    </groups>
    <test started-at="2024-06-06T12:41:07 IST" name="Test1" finished-at="2024-06-06T12:44:04 IST" duration-ms="177040">
      <class name="TestCases.TC_003_GiftCards">
        <test-method is-config="true" signature="setUp(java.lang.String)[pri:0, instance:TestCases.TC_003_GiftCards@31190526]" started-at="2024-06-06T12:41:07 IST" name="setUp" finished-at="2024-06-06T12:41:19 IST" duration-ms="12238" status="PASS">
          <params>
            <param index="0">
              <value>
                <![CDATA[chrome]]>
              </value>
            </param>
          </params>
          <reporter-output>
          </reporter-output>
        </test-method> <!-- setUp -->
        <test-method signature="searchbookshelves()[pri:1, instance:TestCases.TC_003_GiftCards@31190526]" started-at="2024-06-06T12:41:19 IST" name="searchbookshelves" finished-at="2024-06-06T12:42:01 IST" duration-ms="41490" status="PASS">
          <reporter-output>
          </reporter-output>
        </test-method> <!-- searchbookshelves -->
        <test-method signature="Items()[pri:2, instance:TestCases.TC_003_GiftCards@31190526]" started-at="2024-06-06T12:42:01 IST" name="Items" finished-at="2024-06-06T12:42:17 IST" duration-ms="15724" status="PASS">
          <reporter-output>
          </reporter-output>
        </test-method> <!-- Items -->
        <test-method signature="ClickGiftCards(java.lang.String,java.lang.String,java.lang.String,java.lang.String,java.lang.String,java.lang.String,java.lang.String,java.lang.String,java.lang.String,java.lang.String,java.lang.String)[pri:3, instance:TestCases.TC_003_GiftCards@31190526]" started-at="2024-06-06T12:42:19 IST" name="ClickGiftCards" data-provider="giftData" finished-at="2024-06-06T12:43:33 IST" duration-ms="73994" status="PASS">
          <params>
            <param index="0">
              <value>
                <![CDATA[1500]]>
              </value>
            </param>
            <param index="1">
              <value>
                <![CDATA[Pavan]]>
              </value>
            </param>
            <param index="2">
              <value>
                <![CDATA[Pavan@gmail.com]]>
              </value>
            </param>
            <param index="3">
              <value>
                <![CDATA[9876543210]]>
              </value>
            </param>
            <param index="4">
              <value>
                <![CDATA[Kavin]]>
              </value>
            </param>
            <param index="5">
              <value>
                <![CDATA[Kavin@gmail.com]]>
              </value>
            </param>
            <param index="6">
              <value>
                <![CDATA[9876543210]]>
              </value>
            </param>
            <param index="7">
              <value>
                <![CDATA[Chennai]]>
              </value>
            </param>
            <param index="8">
              <value>
                <![CDATA[600065]]>
              </value>
            </param>
            <param index="9">
              <value>
                <![CDATA[Chennai]]>
              </value>
            </param>
            <param index="10">
              <value>
                <![CDATA[sounak.fsfsx]]>
              </value>
            </param>
          </params>
          <reporter-output>
          </reporter-output>
        </test-method> <!-- ClickGiftCards -->
        <test-method signature="GetErrorMsg()[pri:4, instance:TestCases.TC_003_GiftCards@31190526]" started-at="2024-06-06T12:43:33 IST" name="GetErrorMsg" finished-at="2024-06-06T12:43:43 IST" duration-ms="10095" status="PASS">
          <reporter-output>
          </reporter-output>
        </test-method> <!-- GetErrorMsg -->
        <test-method signature="ValidateDetails(java.lang.String,java.lang.String,java.lang.String,java.lang.String,java.lang.String,java.lang.String,java.lang.String,java.lang.String,java.lang.String,java.lang.String,java.lang.String)[pri:5, instance:TestCases.TC_003_GiftCards@31190526]" started-at="2024-06-06T12:43:44 IST" name="ValidateDetails" data-provider="giftData" finished-at="2024-06-06T12:44:02 IST" duration-ms="17825" status="PASS">
          <params>
            <param index="0">
              <value>
                <![CDATA[1500]]>
              </value>
            </param>
            <param index="1">
              <value>
                <![CDATA[Pavan]]>
              </value>
            </param>
            <param index="2">
              <value>
                <![CDATA[Pavan@gmail.com]]>
              </value>
            </param>
            <param index="3">
              <value>
                <![CDATA[9876543210]]>
              </value>
            </param>
            <param index="4">
              <value>
                <![CDATA[Kavin]]>
              </value>
            </param>
            <param index="5">
              <value>
                <![CDATA[Kavin@gmail.com]]>
              </value>
            </param>
            <param index="6">
              <value>
                <![CDATA[9876543210]]>
              </value>
            </param>
            <param index="7">
              <value>
                <![CDATA[Chennai]]>
              </value>
            </param>
            <param index="8">
              <value>
                <![CDATA[600065]]>
              </value>
            </param>
            <param index="9">
              <value>
                <![CDATA[Chennai]]>
              </value>
            </param>
            <param index="10">
              <value>
                <![CDATA[sounak.fsfsx]]>
              </value>
            </param>
          </params>
          <reporter-output>
          </reporter-output>
        </test-method> <!-- ValidateDetails -->
        <test-method is-config="true" signature="tearDown()[pri:0, instance:TestCases.TC_003_GiftCards@31190526]" started-at="2024-06-06T12:44:02 IST" name="tearDown" finished-at="2024-06-06T12:44:04 IST" duration-ms="1256" status="PASS">
          <reporter-output>
          </reporter-output>
        </test-method> <!-- tearDown -->
      </class> <!-- TestCases.TC_003_GiftCards -->
    </test> <!-- Test1 -->
  </suite> <!-- Suite -->
</testng-results>
